  MyPriorityQueue.cpp
E:\github\MyContainer\MyContainer\MyPriorityQueue.cpp(76,25): warning C4267: “参数”: 从“size_t”转换到“int”，可能丢失数据
E:\github\MyContainer\MyContainer\MyPriorityQueue.cpp(73,7): message : 在编译 类 模板 成员函数“void priority_queue<int,std::vector<T,std::allocator<T>>,less<T>>::push(const T &)”时
          with
          [
              T=int
          ]
E:\github\MyContainer\MyContainer\MyPriorityQueue.cpp(109,9): message : 请参阅 "test_priority_queue" 中对 "priority_queue<int,std::vector<T,std::allocator<T>>,less<T>>::push" 的第一个引用
          with
          [
              T=int
          ]
E:\github\MyContainer\MyContainer\MyPriorityQueue.cpp(107,22): message : 查看对正在编译的 类 模板 实例化“priority_queue<int,std::vector<T,std::allocator<T>>,less<T>>”的引用
          with
          [
              T=int
          ]
E:\github\MyContainer\MyContainer\MyPriorityQueue.cpp(62,14): warning C4267: “=”: 从“size_t”转换到“int”，可能丢失数据
E:\github\MyContainer\MyContainer\MyPriorityQueue.cpp(47,7): message : 在编译 类 模板 成员函数“void priority_queue<int,std::vector<T,std::allocator<T>>,less<T>>::adjust_down(int)”时
          with
          [
              T=int
          ]
E:\github\MyContainer\MyContainer\MyPriorityQueue.cpp(83,14): message : 请参阅 "priority_queue<int,std::vector<T,std::allocator<T>>,less<T>>::pop" 中对 "priority_queue<int,std::vector<T,std::allocator<T>>,less<T>>::adjust_down" 的第一个引用
          with
          [
              T=int
          ]
E:\github\MyContainer\MyContainer\MyPriorityQueue.cpp(119,9): message : 请参阅 "test_priority_queue" 中对 "priority_queue<int,std::vector<T,std::allocator<T>>,less<T>>::pop" 的第一个引用
          with
          [
              T=int
          ]
  MyContainer.vcxproj -> E:\github\MyContainer\x64\Debug\MyContainer.exe
